Build started 13/08/2016 14:52:58.
     1>Project "C:\Users\GlitchfinderGeneral\Documents\IT Work\4th Year\Games Engineering\Monitor\SDL_Starter\SDL_Starter.vcxproj" on node 2 (Build target(s)).
     1>ClCompile:
         C:\Program Files (x86)\Microsoft Visual Studio 14.0\VC\bin\x86_amd64\CL.exe /c /ZI /nologo /W3 /WX- /sdl /Od /D _DEBUG /D _CONSOLE /D _UNICODE /D UNICODE /Gm /EHsc /RTC1 /MDd /GS /fp:precise /Zc:wchar_t /Zc:forScope /Zc:inline /Fo"x64\Debug\\" /Fd"x64\Debug\vc140.pdb" /Gd /TP /errorReport:prompt Bullet.cpp Enemy.cpp Entity.cpp Game.cpp main.cpp Player.cpp Renderer.cpp
         Renderer.cpp
     1>c:\users\glitchfindergeneral\documents\it work\4th year\games engineering\monitor\sdl_starter\renderer.cpp(1): fatal error C1083: Cannot open include file: 'SDL.h': No such file or directory
         Player.cpp
     1>c:\users\glitchfindergeneral\documents\it work\4th year\games engineering\monitor\sdl_starter\player.h(7): fatal error C1083: Cannot open include file: 'SDL.h': No such file or directory
         main.cpp
     1>c:\users\glitchfindergeneral\documents\it work\4th year\games engineering\monitor\sdl_starter\main.cpp(2): fatal error C1083: Cannot open include file: 'SDL.h': No such file or directory
         Game.cpp
     1>c:\users\glitchfindergeneral\documents\it work\4th year\games engineering\monitor\sdl_starter\game.h(6): fatal error C1083: Cannot open include file: 'SDL.h': No such file or directory
         Entity.cpp
     1>c:\users\glitchfindergeneral\documents\it work\4th year\games engineering\monitor\sdl_starter\entity.h(6): fatal error C1083: Cannot open include file: 'SDL.h': No such file or directory
         Enemy.cpp
     1>c:\users\glitchfindergeneral\documents\it work\4th year\games engineering\monitor\sdl_starter\enemy.h(6): fatal error C1083: Cannot open include file: 'SDL.h': No such file or directory
         Bullet.cpp
     1>c:\users\glitchfindergeneral\documents\it work\4th year\games engineering\monitor\sdl_starter\bullet.h(7): fatal error C1083: Cannot open include file: 'SDL.h': No such file or directory
         Generating Code...
     1>Done Building Project "C:\Users\GlitchfinderGeneral\Documents\IT Work\4th Year\Games Engineering\Monitor\SDL_Starter\SDL_Starter.vcxproj" (Build target(s)) -- FAILED.

Build FAILED.

Time Elapsed 00:00:04.35
